nohup: ignoring input
wandb: [wandb.login()] Loaded credentials for https://api.wandb.ai from /home/qphan/.netrc.
wandb: Currently logged in as: thongp (thongp-ubicomp) to https://api.wandb.ai. Use `wandb login --relogin` to force relogin
wandb: WARNING Using a boolean value for 'reinit' is deprecated. Use 'return_previous' or 'finish_previous' instead.
wandb: setting up run 2a07k4i8
wandb: Tracking run with wandb version 0.25.0
wandb: Run data is saved locally in /home/qphan/master-thesis/wandb/run-20260403_151509-2a07k4i8
wandb: Run `wandb offline` to turn off syncing.
wandb: Syncing run wear-loso-five-stage-val-0-fft-default-wCEL
wandb: ⭐️ View project at https://wandb.ai/thongp-ubicomp/thesis-analysis
wandb: 🚀 View run at https://wandb.ai/thongp-ubicomp/thesis-analysis/runs/2a07k4i8
Using device: cuda
==================================================
Fold: Val Subject 0
Train subjects (17): [1, 2, 3, 4, 5, 6, 7, 8, 9, 10, 11, 12, 13, 14, 15, 16, 17]
Test subjects (6): [18, 19, 20, 21, 22, 23]
Train samples: 50686
Val samples: 2793
Test samples: 9705
Class counts: [8161.0, 8100.0, 3188.0, 3483.0, 3225.0, 1577.0, 1433.0, 21519.0]
Traceback (most recent call last):
  File "/home/qphan/master-thesis/wear_main_loso_five_stage.py", line 372, in <module>
    main()
  File "/home/qphan/master-thesis/wear_main_loso_five_stage.py", line 259, in main
    metrics = train_loso_wear_multi_stage(
              ^^^^^^^^^^^^^^^^^^^^^^^^^^^^
  File "/home/qphan/master-thesis/lib/wear_train.py", line 2716, in train_loso_wear_multi_stage
    print(f"Class weights: {class_weights.detach().cpu().numpy().round(3).tolist():.2f}")
          ^^^^^^^^^^^^^^^^^^^^^^^^^^^^^^^^^^^^^^^^^^^^^^^^^^^^^^^^^^^^^^^^^^^^^^^^^^^^^^
TypeError: unsupported format string passed to list.__format__
[1;34mwandb[0m: 
[1;34mwandb[0m: 🚀 View run [33mwear-loso-five-stage-val-0-fft-default-wCEL[0m at: [34mhttps://wandb.ai/thongp-ubicomp/thesis-analysis/runs/2a07k4i8[0m
[1;34mwandb[0m: Find logs at: [1;35mwandb/run-20260403_151509-2a07k4i8/logs[0m
